2025-07-14 03:47:18,866 - INFO - 开始抓取 Windows 11
2025-07-14 03:47:18,866 - INFO - 正在抓取: https://www.imsdn.cn/windows-11/win11-24h2/
2025-07-14 03:47:19,490 - INFO - 成功抓取: win11-24h2
2025-07-14 03:47:21,491 - INFO - 正在抓取: https://www.imsdn.cn/windows-11/win11-ltsc/
2025-07-14 03:47:21,733 - INFO - 成功抓取: win11-ltsc
2025-07-14 03:47:23,734 - INFO - 正在抓取: https://www.imsdn.cn/windows-11/win11-23h2/
2025-07-14 03:47:23,980 - INFO - 成功抓取: win11-23h2
2025-07-14 03:47:25,981 - INFO - 正在抓取: https://www.imsdn.cn/windows-11/win11-22h2/
2025-07-14 03:47:26,221 - INFO - 成功抓取: win11-22h2
2025-07-14 03:47:28,222 - INFO - 正在抓取: https://www.imsdn.cn/windows-11/win11-21h2/
2025-07-14 03:47:28,461 - INFO - 成功抓取: win11-21h2
2025-07-14 03:47:30,461 - INFO - 正在抓取: https://www.imsdn.cn/windows-11/win11-rtm/
2025-07-14 03:47:30,710 - INFO - 成功抓取: win11-rtm
2025-07-14 03:47:32,711 - INFO - 正在抓取: https://www.imsdn.cn/windows-11/win11-arm/
2025-07-14 03:47:32,952 - INFO - 成功抓取: win11-arm
2025-07-14 03:47:34,954 - INFO - 完成抓取 Windows 11
2025-07-14 03:47:34,954 - INFO - 开始抓取 Windows 10
2025-07-14 03:47:34,955 - INFO - 正在抓取: https://www.imsdn.cn/windows-10/win10-22h2/
2025-07-14 03:47:35,220 - INFO - 成功抓取: win10-22h2
2025-07-14 03:47:37,220 - INFO - 正在抓取: https://www.imsdn.cn/windows-10/win10-21h2/
2025-07-14 03:47:37,487 - INFO - 成功抓取: win10-21h2
2025-07-14 03:47:39,488 - INFO - 正在抓取: https://www.imsdn.cn/windows-10/win10-21h1/
2025-07-14 03:47:39,750 - INFO - 成功抓取: win10-21h1
2025-07-14 03:47:41,751 - INFO - 正在抓取: https://www.imsdn.cn/windows-10/win10-20h2/
2025-07-14 03:47:42,011 - INFO - 成功抓取: win10-20h2
2025-07-14 03:47:44,011 - INFO - 正在抓取: https://www.imsdn.cn/windows-10/win10-2004/
2025-07-14 03:47:44,275 - INFO - 成功抓取: win10-2004
2025-07-14 03:47:46,276 - INFO - 正在抓取: https://www.imsdn.cn/windows-10/win10-1909/
2025-07-14 03:47:46,538 - INFO - 成功抓取: win10-1909
2025-07-14 03:47:48,538 - INFO - 正在抓取: https://www.imsdn.cn/windows-10/win10-1903/
2025-07-14 03:47:48,803 - INFO - 成功抓取: win10-1903
2025-07-14 03:47:50,804 - INFO - 正在抓取: https://www.imsdn.cn/windows-10/win10-1809/
2025-07-14 03:47:51,061 - INFO - 成功抓取: win10-1809
2025-07-14 03:47:53,062 - INFO - 正在抓取: https://www.imsdn.cn/windows-10/win10-1803/
2025-07-14 03:47:53,319 - INFO - 成功抓取: win10-1803
2025-07-14 03:47:55,320 - INFO - 正在抓取: https://www.imsdn.cn/windows-10/win10-1709/
2025-07-14 03:47:55,579 - INFO - 成功抓取: win10-1709
2025-07-14 03:47:57,580 - INFO - 正在抓取: https://www.imsdn.cn/windows-10/win10-1703/
2025-07-14 03:47:58,783 - INFO - 成功抓取: win10-1703
2025-07-14 03:48:00,784 - INFO - 正在抓取: https://www.imsdn.cn/windows-10/win10-1607/
2025-07-14 03:48:01,095 - INFO - 成功抓取: win10-1607
2025-07-14 03:48:03,096 - INFO - 正在抓取: https://www.imsdn.cn/windows-10/win10-1511/
2025-07-14 03:48:03,400 - INFO - 成功抓取: win10-1511
2025-07-14 03:48:05,401 - INFO - 正在抓取: https://www.imsdn.cn/windows-10/win10-ltsc/
2025-07-14 03:48:05,701 - INFO - 成功抓取: win10-ltsc
2025-07-14 03:48:07,705 - INFO - 完成抓取 Windows 10
2025-07-14 03:48:07,705 - INFO - 开始抓取 Windows Server
2025-07-14 03:48:07,705 - INFO - 正在抓取: https://www.imsdn.cn/windows-server/windows-server-2025/
2025-07-14 03:48:08,022 - INFO - 成功抓取: windows-server-2025
2025-07-14 03:48:10,023 - INFO - 正在抓取: https://www.imsdn.cn/windows-server/windows-server-2022/
2025-07-14 03:48:10,263 - INFO - 成功抓取: windows-server-2022
2025-07-14 03:48:12,264 - INFO - 正在抓取: https://www.imsdn.cn/windows-server/windows-server-2019/
2025-07-14 03:48:12,500 - INFO - 成功抓取: windows-server-2019
2025-07-14 03:48:14,500 - INFO - 正在抓取: https://www.imsdn.cn/windows-server/windows-server-2016/
2025-07-14 03:48:14,747 - INFO - 成功抓取: windows-server-2016
2025-07-14 03:48:16,748 - INFO - 正在抓取: https://www.imsdn.cn/windows-server/windows-server-2012-r2/
2025-07-14 03:48:16,989 - INFO - 成功抓取: windows-server-2012-r2
2025-07-14 03:48:18,990 - INFO - 正在抓取: https://www.imsdn.cn/windows-server/windows-server-2012/
2025-07-14 03:48:19,231 - INFO - 成功抓取: windows-server-2012
2025-07-14 03:48:21,232 - INFO - 正在抓取: https://www.imsdn.cn/windows-server/windows-server-2008-r2/
2025-07-14 03:48:21,519 - INFO - 成功抓取: windows-server-2008-r2
2025-07-14 03:48:23,520 - INFO - 正在抓取: https://www.imsdn.cn/windows-server/windows-server-2008/
2025-07-14 03:48:23,802 - INFO - 成功抓取: windows-server-2008
2025-07-14 03:48:25,804 - INFO - 完成抓取 Windows Server
2025-07-14 03:48:25,804 - INFO - 开始抓取 Office
2025-07-14 03:48:25,804 - INFO - 正在抓取: https://www.imsdn.cn/applications/office-2024/
2025-07-14 03:48:26,074 - INFO - 成功抓取: office-2024
2025-07-14 03:48:28,075 - INFO - 正在抓取: https://www.imsdn.cn/applications/office-2021/
2025-07-14 03:48:28,343 - INFO - 成功抓取: office-2021
2025-07-14 03:48:30,344 - INFO - 正在抓取: https://www.imsdn.cn/applications/office-2019/
2025-07-14 03:48:30,567 - INFO - 成功抓取: office-2019
2025-07-14 03:48:32,568 - INFO - 正在抓取: https://www.imsdn.cn/applications/office-2016/
2025-07-14 03:48:32,799 - INFO - 成功抓取: office-2016
2025-07-14 03:48:34,799 - INFO - 正在抓取: https://www.imsdn.cn/applications/office-2013/
2025-07-14 03:48:35,044 - INFO - 成功抓取: office-2013
2025-07-14 03:48:37,045 - INFO - 正在抓取: https://www.imsdn.cn/applications/office-2010/
2025-07-14 03:48:37,284 - INFO - 成功抓取: office-2010
2025-07-14 03:48:39,284 - INFO - 正在抓取: https://www.imsdn.cn/applications/office-2007/
2025-07-14 03:48:39,520 - INFO - 成功抓取: office-2007
2025-07-14 03:48:41,522 - INFO - 完成抓取 Office
2025-07-14 03:48:41,523 - INFO - 开始抓取 SQL Server
2025-07-14 03:48:41,523 - INFO - 正在抓取: https://www.imsdn.cn/servers/sql-server-2019/
2025-07-14 03:48:41,754 - INFO - 成功抓取: sql-server-2019
2025-07-14 03:48:43,755 - INFO - 正在抓取: https://www.imsdn.cn/servers/sql-server-2016/
2025-07-14 03:48:43,977 - INFO - 成功抓取: sql-server-2016
2025-07-14 03:48:45,978 - INFO - 正在抓取: https://www.imsdn.cn/servers/sql-server-2014/
2025-07-14 03:48:46,213 - INFO - 成功抓取: sql-server-2014
2025-07-14 03:48:48,214 - INFO - 正在抓取: https://www.imsdn.cn/servers/sql-server-2012/
2025-07-14 03:48:48,454 - INFO - 成功抓取: sql-server-2012
2025-07-14 03:48:50,455 - INFO - 正在抓取: https://www.imsdn.cn/servers/sql-server-2008-r2/
2025-07-14 03:48:50,697 - INFO - 成功抓取: sql-server-2008-r2
2025-07-14 03:48:52,698 - INFO - 正在抓取: https://www.imsdn.cn/servers/sql-server-2005/
2025-07-14 03:48:52,941 - INFO - 成功抓取: sql-server-2005
2025-07-14 03:48:54,943 - INFO - 完成抓取 SQL Server
2025-07-14 03:48:54,948 - INFO - 所有数据抓取完成
