2025-07-14 03:39:55,594 - INFO - 开始抓取 Windows 11
2025-07-14 03:39:55,594 - INFO - 正在抓取: https://www.imsdn.cn/windows-11/win11-24h2/
2025-07-14 03:39:56,213 - INFO - 成功抓取: win11-24h2
2025-07-14 03:39:58,214 - INFO - 正在抓取: https://www.imsdn.cn/windows-11/win11-ltsc/
2025-07-14 03:39:58,449 - INFO - 成功抓取: win11-ltsc
2025-07-14 03:40:00,449 - INFO - 正在抓取: https://www.imsdn.cn/windows-11/win11-23h2/
2025-07-14 03:40:00,689 - INFO - 成功抓取: win11-23h2
2025-07-14 03:40:02,689 - INFO - 正在抓取: https://www.imsdn.cn/windows-11/win11-22h2/
2025-07-14 03:40:02,928 - INFO - 成功抓取: win11-22h2
2025-07-14 03:40:04,929 - INFO - 正在抓取: https://www.imsdn.cn/windows-11/win11-21h2/
2025-07-14 03:40:05,163 - INFO - 成功抓取: win11-21h2
2025-07-14 03:40:07,164 - INFO - 正在抓取: https://www.imsdn.cn/windows-11/win11-rtm/
2025-07-14 03:40:07,401 - INFO - 成功抓取: win11-rtm
2025-07-14 03:40:09,402 - INFO - 正在抓取: https://www.imsdn.cn/windows-11/win11-arm/
2025-07-14 03:40:09,637 - INFO - 成功抓取: win11-arm
2025-07-14 03:40:11,639 - INFO - 完成抓取 Windows 11
2025-07-14 03:40:11,639 - INFO - 开始抓取 Windows 10
2025-07-14 03:40:11,640 - INFO - 正在抓取: https://www.imsdn.cn/windows-10/win10-22h2/
2025-07-14 03:40:11,898 - INFO - 成功抓取: win10-22h2
2025-07-14 03:40:13,899 - INFO - 正在抓取: https://www.imsdn.cn/windows-10/win10-21h2/
2025-07-14 03:40:14,155 - INFO - 成功抓取: win10-21h2
2025-07-14 03:40:16,157 - INFO - 正在抓取: https://www.imsdn.cn/windows-10/win10-21h1/
2025-07-14 03:40:16,409 - INFO - 成功抓取: win10-21h1
2025-07-14 03:40:18,410 - INFO - 正在抓取: https://www.imsdn.cn/windows-10/win10-20h2/
2025-07-14 03:40:18,664 - INFO - 成功抓取: win10-20h2
2025-07-14 03:40:20,664 - INFO - 正在抓取: https://www.imsdn.cn/windows-10/win10-2004/
2025-07-14 03:40:20,923 - INFO - 成功抓取: win10-2004
2025-07-14 03:40:22,924 - INFO - 正在抓取: https://www.imsdn.cn/windows-10/win10-1909/
2025-07-14 03:40:23,181 - INFO - 成功抓取: win10-1909
2025-07-14 03:40:25,182 - INFO - 正在抓取: https://www.imsdn.cn/windows-10/win10-1903/
2025-07-14 03:40:25,443 - INFO - 成功抓取: win10-1903
2025-07-14 03:40:27,444 - INFO - 正在抓取: https://www.imsdn.cn/windows-10/win10-1809/
2025-07-14 03:40:27,694 - INFO - 成功抓取: win10-1809
2025-07-14 03:40:29,695 - INFO - 正在抓取: https://www.imsdn.cn/windows-10/win10-1803/
2025-07-14 03:40:29,955 - INFO - 成功抓取: win10-1803
2025-07-14 03:40:31,955 - INFO - 正在抓取: https://www.imsdn.cn/windows-10/win10-1709/
2025-07-14 03:40:32,204 - INFO - 成功抓取: win10-1709
2025-07-14 03:40:34,205 - INFO - 正在抓取: https://www.imsdn.cn/windows-10/win10-1703/
2025-07-14 03:40:34,456 - INFO - 成功抓取: win10-1703
2025-07-14 03:40:36,457 - INFO - 正在抓取: https://www.imsdn.cn/windows-10/win10-1607/
2025-07-14 03:40:36,707 - INFO - 成功抓取: win10-1607
2025-07-14 03:40:38,709 - INFO - 正在抓取: https://www.imsdn.cn/windows-10/win10-1511/
2025-07-14 03:40:38,973 - INFO - 成功抓取: win10-1511
2025-07-14 03:40:40,974 - INFO - 正在抓取: https://www.imsdn.cn/windows-10/win10-ltsc/
2025-07-14 03:40:41,243 - INFO - 成功抓取: win10-ltsc
2025-07-14 03:40:43,246 - INFO - 完成抓取 Windows 10
2025-07-14 03:40:43,246 - INFO - 开始抓取 Windows Server
2025-07-14 03:40:43,246 - INFO - 正在抓取: https://www.imsdn.cn/windows-server/windows-server-2025/
2025-07-14 03:40:43,493 - INFO - 成功抓取: windows-server-2025
2025-07-14 03:40:45,494 - INFO - 正在抓取: https://www.imsdn.cn/windows-server/windows-server-2022/
2025-07-14 03:40:45,727 - INFO - 成功抓取: windows-server-2022
2025-07-14 03:40:47,727 - INFO - 正在抓取: https://www.imsdn.cn/windows-server/windows-server-2019/
2025-07-14 03:40:47,961 - INFO - 成功抓取: windows-server-2019
2025-07-14 03:40:49,962 - INFO - 正在抓取: https://www.imsdn.cn/windows-server/windows-server-2016/
2025-07-14 03:40:50,200 - INFO - 成功抓取: windows-server-2016
2025-07-14 03:40:52,201 - INFO - 正在抓取: https://www.imsdn.cn/windows-server/windows-server-2012-r2/
2025-07-14 03:40:52,435 - INFO - 成功抓取: windows-server-2012-r2
2025-07-14 03:40:54,435 - INFO - 正在抓取: https://www.imsdn.cn/windows-server/windows-server-2012/
2025-07-14 03:40:54,674 - INFO - 成功抓取: windows-server-2012
2025-07-14 03:40:56,675 - INFO - 正在抓取: https://www.imsdn.cn/windows-server/windows-server-2008-r2/
2025-07-14 03:40:56,931 - INFO - 成功抓取: windows-server-2008-r2
2025-07-14 03:40:58,932 - INFO - 正在抓取: https://www.imsdn.cn/windows-server/windows-server-2008/
2025-07-14 03:40:59,188 - INFO - 成功抓取: windows-server-2008
2025-07-14 03:41:01,190 - INFO - 完成抓取 Windows Server
2025-07-14 03:41:01,191 - INFO - 开始抓取 Office
2025-07-14 03:41:01,191 - INFO - 正在抓取: https://www.imsdn.cn/applications/office-2024/
2025-07-14 03:41:01,450 - INFO - 成功抓取: office-2024
2025-07-14 03:41:03,450 - INFO - 正在抓取: https://www.imsdn.cn/applications/office-2021/
2025-07-14 03:41:03,704 - INFO - 成功抓取: office-2021
2025-07-14 03:41:05,705 - INFO - 正在抓取: https://www.imsdn.cn/applications/office-2019/
2025-07-14 03:41:05,928 - INFO - 成功抓取: office-2019
2025-07-14 03:41:07,929 - INFO - 正在抓取: https://www.imsdn.cn/applications/office-2016/
2025-07-14 03:41:08,159 - INFO - 成功抓取: office-2016
2025-07-14 03:41:10,160 - INFO - 正在抓取: https://www.imsdn.cn/applications/office-2013/
2025-07-14 03:41:10,400 - INFO - 成功抓取: office-2013
2025-07-14 03:41:12,401 - INFO - 正在抓取: https://www.imsdn.cn/applications/office-2010/
2025-07-14 03:41:12,631 - INFO - 成功抓取: office-2010
2025-07-14 03:41:14,631 - INFO - 正在抓取: https://www.imsdn.cn/applications/office-2007/
2025-07-14 03:41:14,865 - INFO - 成功抓取: office-2007
2025-07-14 03:41:16,867 - INFO - 完成抓取 Office
2025-07-14 03:41:16,867 - INFO - 开始抓取 SQL Server
2025-07-14 03:41:16,867 - INFO - 正在抓取: https://www.imsdn.cn/servers/sql-server-2019/
2025-07-14 03:41:17,103 - INFO - 成功抓取: sql-server-2019
2025-07-14 03:41:19,104 - INFO - 正在抓取: https://www.imsdn.cn/servers/sql-server-2016/
2025-07-14 03:41:19,322 - INFO - 成功抓取: sql-server-2016
2025-07-14 03:41:21,323 - INFO - 正在抓取: https://www.imsdn.cn/servers/sql-server-2014/
2025-07-14 03:41:21,556 - INFO - 成功抓取: sql-server-2014
2025-07-14 03:41:23,557 - INFO - 正在抓取: https://www.imsdn.cn/servers/sql-server-2012/
2025-07-14 03:41:23,793 - INFO - 成功抓取: sql-server-2012
2025-07-14 03:41:25,794 - INFO - 正在抓取: https://www.imsdn.cn/servers/sql-server-2008-r2/
2025-07-14 03:41:26,033 - INFO - 成功抓取: sql-server-2008-r2
2025-07-14 03:41:28,034 - INFO - 正在抓取: https://www.imsdn.cn/servers/sql-server-2005/
2025-07-14 03:41:28,276 - INFO - 成功抓取: sql-server-2005
2025-07-14 03:41:30,279 - INFO - 完成抓取 SQL Server
2025-07-14 03:41:30,284 - INFO - 所有数据抓取完成
2025-07-14 03:49:51,018 - INFO - 开始抓取 Windows 11
2025-07-14 03:49:51,018 - INFO - 正在抓取: https://www.imsdn.cn/windows-11/win11-24h2/
2025-07-14 03:49:51,669 - INFO - 成功抓取: win11-24h2
2025-07-14 03:49:53,670 - INFO - 正在抓取: https://www.imsdn.cn/windows-11/win11-ltsc/
2025-07-14 03:49:53,932 - INFO - 成功抓取: win11-ltsc
2025-07-14 03:49:55,933 - INFO - 正在抓取: https://www.imsdn.cn/windows-11/win11-23h2/
2025-07-14 03:49:56,199 - INFO - 成功抓取: win11-23h2
2025-07-14 03:49:58,200 - INFO - 正在抓取: https://www.imsdn.cn/windows-11/win11-22h2/
2025-07-14 03:49:58,463 - INFO - 成功抓取: win11-22h2
2025-07-14 03:50:00,464 - INFO - 正在抓取: https://www.imsdn.cn/windows-11/win11-21h2/
2025-07-14 03:50:00,718 - INFO - 成功抓取: win11-21h2
2025-07-14 03:50:02,719 - INFO - 正在抓取: https://www.imsdn.cn/windows-11/win11-rtm/
2025-07-14 03:50:02,985 - INFO - 成功抓取: win11-rtm
2025-07-14 03:50:04,985 - INFO - 正在抓取: https://www.imsdn.cn/windows-11/win11-arm/
2025-07-14 03:50:05,243 - INFO - 成功抓取: win11-arm
2025-07-14 03:50:07,246 - INFO - 完成抓取 Windows 11
2025-07-14 03:50:07,246 - INFO - 开始抓取 Windows 10
2025-07-14 03:50:07,246 - INFO - 正在抓取: https://www.imsdn.cn/windows-10/win10-22h2/
2025-07-14 03:50:07,541 - INFO - 成功抓取: win10-22h2
2025-07-14 03:50:09,543 - INFO - 正在抓取: https://www.imsdn.cn/windows-10/win10-21h2/
2025-07-14 03:50:09,829 - INFO - 成功抓取: win10-21h2
2025-07-14 03:50:11,830 - INFO - 正在抓取: https://www.imsdn.cn/windows-10/win10-21h1/
2025-07-14 03:50:12,108 - INFO - 成功抓取: win10-21h1
2025-07-14 03:50:14,109 - INFO - 正在抓取: https://www.imsdn.cn/windows-10/win10-20h2/
2025-07-14 03:50:14,386 - INFO - 成功抓取: win10-20h2
2025-07-14 03:50:16,388 - INFO - 正在抓取: https://www.imsdn.cn/windows-10/win10-2004/
2025-07-14 03:50:16,660 - INFO - 成功抓取: win10-2004
2025-07-14 03:50:18,661 - INFO - 正在抓取: https://www.imsdn.cn/windows-10/win10-1909/
2025-07-14 03:50:18,939 - INFO - 成功抓取: win10-1909
2025-07-14 03:50:20,940 - INFO - 正在抓取: https://www.imsdn.cn/windows-10/win10-1903/
2025-07-14 03:50:21,231 - INFO - 成功抓取: win10-1903
2025-07-14 03:50:23,232 - INFO - 正在抓取: https://www.imsdn.cn/windows-10/win10-1809/
2025-07-14 03:50:23,504 - INFO - 成功抓取: win10-1809
2025-07-14 03:50:25,505 - INFO - 正在抓取: https://www.imsdn.cn/windows-10/win10-1803/
2025-07-14 03:50:25,784 - INFO - 成功抓取: win10-1803
2025-07-14 03:50:27,785 - INFO - 正在抓取: https://www.imsdn.cn/windows-10/win10-1709/
2025-07-14 03:50:28,073 - INFO - 成功抓取: win10-1709
2025-07-14 03:50:30,074 - INFO - 正在抓取: https://www.imsdn.cn/windows-10/win10-1703/
2025-07-14 03:50:30,373 - INFO - 成功抓取: win10-1703
2025-07-14 03:50:32,374 - INFO - 正在抓取: https://www.imsdn.cn/windows-10/win10-1607/
2025-07-14 03:50:32,664 - INFO - 成功抓取: win10-1607
2025-07-14 03:50:34,665 - INFO - 正在抓取: https://www.imsdn.cn/windows-10/win10-1511/
2025-07-14 03:50:34,958 - INFO - 成功抓取: win10-1511
2025-07-14 03:50:36,959 - INFO - 正在抓取: https://www.imsdn.cn/windows-10/win10-ltsc/
2025-07-14 03:50:37,259 - INFO - 成功抓取: win10-ltsc
2025-07-14 03:50:39,263 - INFO - 完成抓取 Windows 10
2025-07-14 03:50:39,263 - INFO - 开始抓取 Windows Server
2025-07-14 03:50:39,263 - INFO - 正在抓取: https://www.imsdn.cn/windows-server/windows-server-2025/
2025-07-14 03:50:39,529 - INFO - 成功抓取: windows-server-2025
2025-07-14 03:50:41,530 - INFO - 正在抓取: https://www.imsdn.cn/windows-server/windows-server-2022/
2025-07-14 03:50:41,797 - INFO - 成功抓取: windows-server-2022
2025-07-14 03:50:43,798 - INFO - 正在抓取: https://www.imsdn.cn/windows-server/windows-server-2019/
2025-07-14 03:50:44,057 - INFO - 成功抓取: windows-server-2019
2025-07-14 03:50:46,059 - INFO - 正在抓取: https://www.imsdn.cn/windows-server/windows-server-2016/
2025-07-14 03:50:46,326 - INFO - 成功抓取: windows-server-2016
2025-07-14 03:50:48,327 - INFO - 正在抓取: https://www.imsdn.cn/windows-server/windows-server-2012-r2/
2025-07-14 03:50:48,582 - INFO - 成功抓取: windows-server-2012-r2
2025-07-14 03:50:50,583 - INFO - 正在抓取: https://www.imsdn.cn/windows-server/windows-server-2012/
2025-07-14 03:50:50,840 - INFO - 成功抓取: windows-server-2012
2025-07-14 03:50:52,841 - INFO - 正在抓取: https://www.imsdn.cn/windows-server/windows-server-2008-r2/
2025-07-14 03:50:53,125 - INFO - 成功抓取: windows-server-2008-r2
2025-07-14 03:50:55,126 - INFO - 正在抓取: https://www.imsdn.cn/windows-server/windows-server-2008/
2025-07-14 03:50:55,406 - INFO - 成功抓取: windows-server-2008
2025-07-14 03:50:57,408 - INFO - 完成抓取 Windows Server
2025-07-14 03:50:57,409 - INFO - 开始抓取 Office
2025-07-14 03:50:57,409 - INFO - 正在抓取: https://www.imsdn.cn/applications/office-2024/
2025-07-14 03:50:57,696 - INFO - 成功抓取: office-2024
2025-07-14 03:50:59,697 - INFO - 正在抓取: https://www.imsdn.cn/applications/office-2021/
2025-07-14 03:51:00,000 - INFO - 成功抓取: office-2021
2025-07-14 03:51:02,001 - INFO - 正在抓取: https://www.imsdn.cn/applications/office-2019/
2025-07-14 03:51:02,243 - INFO - 成功抓取: office-2019
2025-07-14 03:51:04,244 - INFO - 正在抓取: https://www.imsdn.cn/applications/office-2016/
2025-07-14 03:51:04,496 - INFO - 成功抓取: office-2016
2025-07-14 03:51:06,498 - INFO - 正在抓取: https://www.imsdn.cn/applications/office-2013/
2025-07-14 03:51:06,746 - INFO - 成功抓取: office-2013
2025-07-14 03:51:08,747 - INFO - 正在抓取: https://www.imsdn.cn/applications/office-2010/
2025-07-14 03:51:09,004 - INFO - 成功抓取: office-2010
2025-07-14 03:51:11,005 - INFO - 正在抓取: https://www.imsdn.cn/applications/office-2007/
2025-07-14 03:51:11,255 - INFO - 成功抓取: office-2007
2025-07-14 03:51:13,257 - INFO - 完成抓取 Office
2025-07-14 03:51:13,258 - INFO - 开始抓取 SQL Server
2025-07-14 03:51:13,258 - INFO - 正在抓取: https://www.imsdn.cn/servers/sql-server-2019/
2025-07-14 03:51:13,511 - INFO - 成功抓取: sql-server-2019
2025-07-14 03:51:15,512 - INFO - 正在抓取: https://www.imsdn.cn/servers/sql-server-2016/
2025-07-14 03:51:15,747 - INFO - 成功抓取: sql-server-2016
2025-07-14 03:51:17,748 - INFO - 正在抓取: https://www.imsdn.cn/servers/sql-server-2014/
2025-07-14 03:51:18,000 - INFO - 成功抓取: sql-server-2014
2025-07-14 03:51:20,000 - INFO - 正在抓取: https://www.imsdn.cn/servers/sql-server-2012/
2025-07-14 03:51:20,268 - INFO - 成功抓取: sql-server-2012
2025-07-14 03:51:22,269 - INFO - 正在抓取: https://www.imsdn.cn/servers/sql-server-2008-r2/
2025-07-14 03:51:22,522 - INFO - 成功抓取: sql-server-2008-r2
2025-07-14 03:51:24,522 - INFO - 正在抓取: https://www.imsdn.cn/servers/sql-server-2005/
2025-07-14 03:51:24,791 - INFO - 成功抓取: sql-server-2005
2025-07-14 03:51:26,793 - INFO - 完成抓取 SQL Server
2025-07-14 03:51:26,799 - INFO - 所有数据抓取完成
2025-07-14 03:52:36,702 - INFO - 开始抓取 Windows 11
2025-07-14 03:52:36,702 - INFO - 正在抓取: https://www.imsdn.cn/windows-11/win11-24h2/
2025-07-14 03:52:37,348 - INFO - 成功抓取: win11-24h2
2025-07-14 03:52:39,348 - INFO - 正在抓取: https://www.imsdn.cn/windows-11/win11-ltsc/
2025-07-14 03:52:39,604 - INFO - 成功抓取: win11-ltsc
2025-07-14 03:52:41,605 - INFO - 正在抓取: https://www.imsdn.cn/windows-11/win11-23h2/
2025-07-14 03:52:41,854 - INFO - 成功抓取: win11-23h2
2025-07-14 03:52:43,854 - INFO - 正在抓取: https://www.imsdn.cn/windows-11/win11-22h2/
2025-07-14 03:52:44,110 - INFO - 成功抓取: win11-22h2
2025-07-14 03:52:46,111 - INFO - 正在抓取: https://www.imsdn.cn/windows-11/win11-21h2/
2025-07-14 03:52:46,363 - INFO - 成功抓取: win11-21h2
2025-07-14 03:52:48,364 - INFO - 正在抓取: https://www.imsdn.cn/windows-11/win11-rtm/
2025-07-14 03:52:48,618 - INFO - 成功抓取: win11-rtm
2025-07-14 03:52:50,619 - INFO - 正在抓取: https://www.imsdn.cn/windows-11/win11-arm/
2025-07-14 03:52:50,866 - INFO - 成功抓取: win11-arm
2025-07-14 03:52:52,869 - INFO - 完成抓取 Windows 11
2025-07-14 03:52:52,869 - INFO - 开始抓取 Windows 10
2025-07-14 03:52:52,869 - INFO - 正在抓取: https://www.imsdn.cn/windows-10/win10-22h2/
2025-07-14 03:52:53,148 - INFO - 成功抓取: win10-22h2
2025-07-14 03:52:55,148 - INFO - 正在抓取: https://www.imsdn.cn/windows-10/win10-21h2/
2025-07-14 03:52:55,431 - INFO - 成功抓取: win10-21h2
2025-07-14 03:52:57,432 - INFO - 正在抓取: https://www.imsdn.cn/windows-10/win10-21h1/
2025-07-14 03:52:57,699 - INFO - 成功抓取: win10-21h1
2025-07-14 03:52:59,701 - INFO - 正在抓取: https://www.imsdn.cn/windows-10/win10-20h2/
2025-07-14 03:52:59,969 - INFO - 成功抓取: win10-20h2
2025-07-14 03:53:01,970 - INFO - 正在抓取: https://www.imsdn.cn/windows-10/win10-2004/
2025-07-14 03:53:02,235 - INFO - 成功抓取: win10-2004
2025-07-14 03:53:04,236 - INFO - 正在抓取: https://www.imsdn.cn/windows-10/win10-1909/
2025-07-14 03:53:04,506 - INFO - 成功抓取: win10-1909
2025-07-14 03:53:06,506 - INFO - 正在抓取: https://www.imsdn.cn/windows-10/win10-1903/
2025-07-14 03:53:06,788 - INFO - 成功抓取: win10-1903
2025-07-14 03:53:08,789 - INFO - 正在抓取: https://www.imsdn.cn/windows-10/win10-1809/
2025-07-14 03:53:09,071 - INFO - 成功抓取: win10-1809
2025-07-14 03:53:11,072 - INFO - 正在抓取: https://www.imsdn.cn/windows-10/win10-1803/
2025-07-14 03:53:11,342 - INFO - 成功抓取: win10-1803
2025-07-14 03:53:13,342 - INFO - 正在抓取: https://www.imsdn.cn/windows-10/win10-1709/
2025-07-14 03:53:13,611 - INFO - 成功抓取: win10-1709
2025-07-14 03:53:15,612 - INFO - 正在抓取: https://www.imsdn.cn/windows-10/win10-1703/
2025-07-14 03:53:15,884 - INFO - 成功抓取: win10-1703
2025-07-14 03:53:17,885 - INFO - 正在抓取: https://www.imsdn.cn/windows-10/win10-1607/
2025-07-14 03:53:18,153 - INFO - 成功抓取: win10-1607
2025-07-14 03:53:20,154 - INFO - 正在抓取: https://www.imsdn.cn/windows-10/win10-1511/
2025-07-14 03:53:20,436 - INFO - 成功抓取: win10-1511
2025-07-14 03:53:22,437 - INFO - 正在抓取: https://www.imsdn.cn/windows-10/win10-ltsc/
2025-07-14 03:53:22,721 - INFO - 成功抓取: win10-ltsc
2025-07-14 03:53:24,725 - INFO - 完成抓取 Windows 10
2025-07-14 03:53:24,725 - INFO - 开始抓取 Windows Server
2025-07-14 03:53:24,725 - INFO - 正在抓取: https://www.imsdn.cn/windows-server/windows-server-2025/
2025-07-14 03:53:24,991 - INFO - 成功抓取: windows-server-2025
2025-07-14 03:53:26,992 - INFO - 正在抓取: https://www.imsdn.cn/windows-server/windows-server-2022/
2025-07-14 03:53:27,248 - INFO - 成功抓取: windows-server-2022
2025-07-14 03:53:29,249 - INFO - 正在抓取: https://www.imsdn.cn/windows-server/windows-server-2019/
2025-07-14 03:53:29,497 - INFO - 成功抓取: windows-server-2019
2025-07-14 03:53:31,498 - INFO - 正在抓取: https://www.imsdn.cn/windows-server/windows-server-2016/
2025-07-14 03:53:31,757 - INFO - 成功抓取: windows-server-2016
2025-07-14 03:53:33,758 - INFO - 正在抓取: https://www.imsdn.cn/windows-server/windows-server-2012-r2/
2025-07-14 03:53:34,013 - INFO - 成功抓取: windows-server-2012-r2
2025-07-14 03:53:36,013 - INFO - 正在抓取: https://www.imsdn.cn/windows-server/windows-server-2012/
2025-07-14 03:53:36,264 - INFO - 成功抓取: windows-server-2012
2025-07-14 03:53:38,265 - INFO - 正在抓取: https://www.imsdn.cn/windows-server/windows-server-2008-r2/
2025-07-14 03:53:38,529 - INFO - 成功抓取: windows-server-2008-r2
2025-07-14 03:53:40,530 - INFO - 正在抓取: https://www.imsdn.cn/windows-server/windows-server-2008/
2025-07-14 03:53:40,815 - INFO - 成功抓取: windows-server-2008
2025-07-14 03:53:42,817 - INFO - 完成抓取 Windows Server
2025-07-14 03:53:42,818 - INFO - 开始抓取 Office
2025-07-14 03:53:42,818 - INFO - 正在抓取: https://www.imsdn.cn/applications/office-2024/
2025-07-14 03:53:43,095 - INFO - 成功抓取: office-2024
2025-07-14 03:53:45,096 - INFO - 正在抓取: https://www.imsdn.cn/applications/office-2021/
2025-07-14 03:53:45,385 - INFO - 成功抓取: office-2021
2025-07-14 03:53:47,386 - INFO - 正在抓取: https://www.imsdn.cn/applications/office-2019/
2025-07-14 03:53:47,616 - INFO - 成功抓取: office-2019
2025-07-14 03:53:49,617 - INFO - 正在抓取: https://www.imsdn.cn/applications/office-2016/
2025-07-14 03:53:49,862 - INFO - 成功抓取: office-2016
2025-07-14 03:53:51,863 - INFO - 正在抓取: https://www.imsdn.cn/applications/office-2013/
2025-07-14 03:53:52,122 - INFO - 成功抓取: office-2013
2025-07-14 03:53:54,123 - INFO - 正在抓取: https://www.imsdn.cn/applications/office-2010/
2025-07-14 03:53:54,373 - INFO - 成功抓取: office-2010
2025-07-14 03:53:56,374 - INFO - 正在抓取: https://www.imsdn.cn/applications/office-2007/
2025-07-14 03:53:56,618 - INFO - 成功抓取: office-2007
2025-07-14 03:53:58,621 - INFO - 完成抓取 Office
2025-07-14 03:53:58,621 - INFO - 开始抓取 SQL Server
2025-07-14 03:53:58,621 - INFO - 正在抓取: https://www.imsdn.cn/servers/sql-server-2019/
2025-07-14 03:53:58,870 - INFO - 成功抓取: sql-server-2019
2025-07-14 03:54:00,871 - INFO - 正在抓取: https://www.imsdn.cn/servers/sql-server-2016/
2025-07-14 03:54:01,098 - INFO - 成功抓取: sql-server-2016
2025-07-14 03:54:03,098 - INFO - 正在抓取: https://www.imsdn.cn/servers/sql-server-2014/
2025-07-14 03:54:03,355 - INFO - 成功抓取: sql-server-2014
2025-07-14 03:54:05,355 - INFO - 正在抓取: https://www.imsdn.cn/servers/sql-server-2012/
2025-07-14 03:54:05,601 - INFO - 成功抓取: sql-server-2012
2025-07-14 03:54:07,601 - INFO - 正在抓取: https://www.imsdn.cn/servers/sql-server-2008-r2/
2025-07-14 03:54:07,859 - INFO - 成功抓取: sql-server-2008-r2
2025-07-14 03:54:09,860 - INFO - 正在抓取: https://www.imsdn.cn/servers/sql-server-2005/
2025-07-14 03:54:10,114 - INFO - 成功抓取: sql-server-2005
2025-07-14 03:54:12,117 - INFO - 完成抓取 SQL Server
2025-07-14 03:54:12,122 - INFO - 所有数据抓取完成
2025-07-14 03:55:24,474 - INFO - 开始抓取 Windows 11
2025-07-14 03:55:24,475 - INFO - 正在抓取: https://www.imsdn.cn/windows-11/win11-24h2/
2025-07-14 03:55:25,131 - INFO - 成功抓取: win11-24h2
2025-07-14 03:55:27,131 - INFO - 正在抓取: https://www.imsdn.cn/windows-11/win11-ltsc/
2025-07-14 03:55:27,369 - INFO - 成功抓取: win11-ltsc
2025-07-14 03:55:29,370 - INFO - 正在抓取: https://www.imsdn.cn/windows-11/win11-23h2/
2025-07-14 03:55:29,618 - INFO - 成功抓取: win11-23h2
2025-07-14 03:55:31,619 - INFO - 正在抓取: https://www.imsdn.cn/windows-11/win11-22h2/
2025-07-14 03:55:31,877 - INFO - 成功抓取: win11-22h2
2025-07-14 03:55:33,879 - INFO - 正在抓取: https://www.imsdn.cn/windows-11/win11-21h2/
2025-07-14 03:55:34,118 - INFO - 成功抓取: win11-21h2
2025-07-14 03:55:36,119 - INFO - 正在抓取: https://www.imsdn.cn/windows-11/win11-rtm/
2025-07-14 03:55:36,364 - INFO - 成功抓取: win11-rtm
2025-07-14 03:55:38,364 - INFO - 正在抓取: https://www.imsdn.cn/windows-11/win11-arm/
2025-07-14 03:55:38,606 - INFO - 成功抓取: win11-arm
2025-07-14 03:55:40,608 - INFO - 完成抓取 Windows 11
2025-07-14 03:55:40,608 - INFO - 开始抓取 Windows 10
2025-07-14 03:55:40,609 - INFO - 正在抓取: https://www.imsdn.cn/windows-10/win10-22h2/
2025-07-14 03:55:40,873 - INFO - 成功抓取: win10-22h2
2025-07-14 03:55:42,874 - INFO - 正在抓取: https://www.imsdn.cn/windows-10/win10-21h2/
2025-07-14 03:55:43,148 - INFO - 成功抓取: win10-21h2
2025-07-14 03:55:45,149 - INFO - 正在抓取: https://www.imsdn.cn/windows-10/win10-21h1/
2025-07-14 03:55:45,417 - INFO - 成功抓取: win10-21h1
2025-07-14 03:55:47,418 - INFO - 正在抓取: https://www.imsdn.cn/windows-10/win10-20h2/
2025-07-14 03:55:47,683 - INFO - 成功抓取: win10-20h2
2025-07-14 03:55:49,684 - INFO - 正在抓取: https://www.imsdn.cn/windows-10/win10-2004/
2025-07-14 03:55:49,943 - INFO - 成功抓取: win10-2004
2025-07-14 03:55:51,943 - INFO - 正在抓取: https://www.imsdn.cn/windows-10/win10-1909/
2025-07-14 03:55:52,202 - INFO - 成功抓取: win10-1909
2025-07-14 03:55:54,203 - INFO - 正在抓取: https://www.imsdn.cn/windows-10/win10-1903/
2025-07-14 03:55:54,474 - INFO - 成功抓取: win10-1903
2025-07-14 03:55:56,474 - INFO - 正在抓取: https://www.imsdn.cn/windows-10/win10-1809/
2025-07-14 03:55:56,750 - INFO - 成功抓取: win10-1809
2025-07-14 03:55:58,751 - INFO - 正在抓取: https://www.imsdn.cn/windows-10/win10-1803/
2025-07-14 03:55:59,008 - INFO - 成功抓取: win10-1803
2025-07-14 03:56:01,008 - INFO - 正在抓取: https://www.imsdn.cn/windows-10/win10-1709/
2025-07-14 03:56:01,271 - INFO - 成功抓取: win10-1709
2025-07-14 03:56:03,272 - INFO - 正在抓取: https://www.imsdn.cn/windows-10/win10-1703/
2025-07-14 03:56:03,528 - INFO - 成功抓取: win10-1703
2025-07-14 03:56:05,529 - INFO - 正在抓取: https://www.imsdn.cn/windows-10/win10-1607/
2025-07-14 03:56:05,790 - INFO - 成功抓取: win10-1607
2025-07-14 03:56:07,791 - INFO - 正在抓取: https://www.imsdn.cn/windows-10/win10-1511/
2025-07-14 03:56:08,059 - INFO - 成功抓取: win10-1511
2025-07-14 03:56:10,061 - INFO - 正在抓取: https://www.imsdn.cn/windows-10/win10-ltsc/
2025-07-14 03:56:10,332 - INFO - 成功抓取: win10-ltsc
2025-07-14 03:56:12,336 - INFO - 完成抓取 Windows 10
2025-07-14 03:56:12,336 - INFO - 开始抓取 Windows Server
2025-07-14 03:56:12,336 - INFO - 正在抓取: https://www.imsdn.cn/windows-server/windows-server-2025/
2025-07-14 03:56:12,585 - INFO - 成功抓取: windows-server-2025
2025-07-14 03:56:14,586 - INFO - 正在抓取: https://www.imsdn.cn/windows-server/windows-server-2022/
2025-07-14 03:56:14,824 - INFO - 成功抓取: windows-server-2022
2025-07-14 03:56:16,825 - INFO - 正在抓取: https://www.imsdn.cn/windows-server/windows-server-2019/
2025-07-14 03:56:17,063 - INFO - 成功抓取: windows-server-2019
2025-07-14 03:56:19,064 - INFO - 正在抓取: https://www.imsdn.cn/windows-server/windows-server-2016/
2025-07-14 03:56:19,318 - INFO - 成功抓取: windows-server-2016
2025-07-14 03:56:21,319 - INFO - 正在抓取: https://www.imsdn.cn/windows-server/windows-server-2012-r2/
2025-07-14 03:56:21,561 - INFO - 成功抓取: windows-server-2012-r2
2025-07-14 03:56:23,562 - INFO - 正在抓取: https://www.imsdn.cn/windows-server/windows-server-2012/
2025-07-14 03:56:23,807 - INFO - 成功抓取: windows-server-2012
2025-07-14 03:56:25,808 - INFO - 正在抓取: https://www.imsdn.cn/windows-server/windows-server-2008-r2/
2025-07-14 03:56:26,078 - INFO - 成功抓取: windows-server-2008-r2
2025-07-14 03:56:28,079 - INFO - 正在抓取: https://www.imsdn.cn/windows-server/windows-server-2008/
2025-07-14 03:56:28,346 - INFO - 成功抓取: windows-server-2008
2025-07-14 03:56:30,349 - INFO - 完成抓取 Windows Server
2025-07-14 03:56:30,349 - INFO - 开始抓取 Office
2025-07-14 03:56:30,349 - INFO - 正在抓取: https://www.imsdn.cn/applications/office-2024/
2025-07-14 03:56:30,614 - INFO - 成功抓取: office-2024
2025-07-14 03:56:32,615 - INFO - 正在抓取: https://www.imsdn.cn/applications/office-2021/
2025-07-14 03:56:32,894 - INFO - 成功抓取: office-2021
2025-07-14 03:56:34,895 - INFO - 正在抓取: https://www.imsdn.cn/applications/office-2019/
2025-07-14 03:56:35,137 - INFO - 成功抓取: office-2019
2025-07-14 03:56:37,138 - INFO - 正在抓取: https://www.imsdn.cn/applications/office-2016/
2025-07-14 03:56:37,378 - INFO - 成功抓取: office-2016
2025-07-14 03:56:39,379 - INFO - 正在抓取: https://www.imsdn.cn/applications/office-2013/
2025-07-14 03:56:39,627 - INFO - 成功抓取: office-2013
2025-07-14 03:56:41,627 - INFO - 正在抓取: https://www.imsdn.cn/applications/office-2010/
2025-07-14 03:56:41,865 - INFO - 成功抓取: office-2010
2025-07-14 03:56:43,866 - INFO - 正在抓取: https://www.imsdn.cn/applications/office-2007/
2025-07-14 03:56:44,107 - INFO - 成功抓取: office-2007
2025-07-14 03:56:46,109 - INFO - 完成抓取 Office
2025-07-14 03:56:46,109 - INFO - 开始抓取 SQL Server
2025-07-14 03:56:46,110 - INFO - 正在抓取: https://www.imsdn.cn/servers/sql-server-2019/
2025-07-14 03:56:46,351 - INFO - 成功抓取: sql-server-2019
2025-07-14 03:56:48,352 - INFO - 正在抓取: https://www.imsdn.cn/servers/sql-server-2016/
2025-07-14 03:56:48,578 - INFO - 成功抓取: sql-server-2016
2025-07-14 03:56:50,578 - INFO - 正在抓取: https://www.imsdn.cn/servers/sql-server-2014/
2025-07-14 03:56:50,830 - INFO - 成功抓取: sql-server-2014
2025-07-14 03:56:52,830 - INFO - 正在抓取: https://www.imsdn.cn/servers/sql-server-2012/
2025-07-14 03:56:53,077 - INFO - 成功抓取: sql-server-2012
2025-07-14 03:56:55,077 - INFO - 正在抓取: https://www.imsdn.cn/servers/sql-server-2008-r2/
2025-07-14 03:56:55,319 - INFO - 成功抓取: sql-server-2008-r2
2025-07-14 03:56:57,320 - INFO - 正在抓取: https://www.imsdn.cn/servers/sql-server-2005/
2025-07-14 03:56:57,572 - INFO - 成功抓取: sql-server-2005
2025-07-14 03:56:59,574 - INFO - 完成抓取 SQL Server
2025-07-14 03:56:59,579 - INFO - 所有数据抓取完成
2025-07-14 03:58:36,899 - INFO - ==================================================
2025-07-14 03:58:36,900 - INFO - Windows系统下载资源更新程序启动
2025-07-14 03:58:36,900 - INFO - 开始时间: 2025-07-14 03:58:36
2025-07-14 03:58:36,900 - INFO - ==================================================
2025-07-14 03:58:36,901 - INFO - 步骤1: 开始数据采集...
2025-07-14 03:58:36,901 - INFO - 开始抓取 Windows 11
2025-07-14 03:58:36,901 - INFO - 正在抓取: https://www.imsdn.cn/windows-11/win11-24h2/
2025-07-14 03:58:37,535 - INFO - 成功抓取: win11-24h2
2025-07-14 03:58:39,536 - INFO - 正在抓取: https://www.imsdn.cn/windows-11/win11-ltsc/
2025-07-14 03:58:39,787 - INFO - 成功抓取: win11-ltsc
2025-07-14 03:58:41,787 - INFO - 正在抓取: https://www.imsdn.cn/windows-11/win11-23h2/
2025-07-14 03:58:42,037 - INFO - 成功抓取: win11-23h2
2025-07-14 03:58:44,038 - INFO - 正在抓取: https://www.imsdn.cn/windows-11/win11-22h2/
2025-07-14 03:58:44,289 - INFO - 成功抓取: win11-22h2
2025-07-14 03:58:46,290 - INFO - 正在抓取: https://www.imsdn.cn/windows-11/win11-21h2/
2025-07-14 03:58:46,534 - INFO - 成功抓取: win11-21h2
2025-07-14 03:58:48,535 - INFO - 正在抓取: https://www.imsdn.cn/windows-11/win11-rtm/
2025-07-14 03:58:48,797 - INFO - 成功抓取: win11-rtm
2025-07-14 03:58:50,798 - INFO - 正在抓取: https://www.imsdn.cn/windows-11/win11-arm/
2025-07-14 03:58:51,051 - INFO - 成功抓取: win11-arm
2025-07-14 03:58:53,054 - INFO - 完成抓取 Windows 11
2025-07-14 03:58:53,054 - INFO - 开始抓取 Windows 10
2025-07-14 03:58:53,054 - INFO - 正在抓取: https://www.imsdn.cn/windows-10/win10-22h2/
2025-07-14 03:58:53,324 - INFO - 成功抓取: win10-22h2
2025-07-14 03:58:55,325 - INFO - 正在抓取: https://www.imsdn.cn/windows-10/win10-21h2/
2025-07-14 03:58:55,600 - INFO - 成功抓取: win10-21h2
2025-07-14 03:58:57,601 - INFO - 正在抓取: https://www.imsdn.cn/windows-10/win10-21h1/
2025-07-14 03:58:57,872 - INFO - 成功抓取: win10-21h1
2025-07-14 03:58:59,873 - INFO - 正在抓取: https://www.imsdn.cn/windows-10/win10-20h2/
2025-07-14 03:59:00,146 - INFO - 成功抓取: win10-20h2
2025-07-14 03:59:02,147 - INFO - 正在抓取: https://www.imsdn.cn/windows-10/win10-2004/
2025-07-14 03:59:02,416 - INFO - 成功抓取: win10-2004
2025-07-14 03:59:04,416 - INFO - 正在抓取: https://www.imsdn.cn/windows-10/win10-1909/
2025-07-14 03:59:04,685 - INFO - 成功抓取: win10-1909
2025-07-14 03:59:06,687 - INFO - 正在抓取: https://www.imsdn.cn/windows-10/win10-1903/
2025-07-14 03:59:06,960 - INFO - 成功抓取: win10-1903
2025-07-14 03:59:08,961 - INFO - 正在抓取: https://www.imsdn.cn/windows-10/win10-1809/
2025-07-14 03:59:09,244 - INFO - 成功抓取: win10-1809
2025-07-14 03:59:11,245 - INFO - 正在抓取: https://www.imsdn.cn/windows-10/win10-1803/
2025-07-14 03:59:11,515 - INFO - 成功抓取: win10-1803
2025-07-14 03:59:13,515 - INFO - 正在抓取: https://www.imsdn.cn/windows-10/win10-1709/
2025-07-14 03:59:13,786 - INFO - 成功抓取: win10-1709
2025-07-14 03:59:15,787 - INFO - 正在抓取: https://www.imsdn.cn/windows-10/win10-1703/
2025-07-14 03:59:16,059 - INFO - 成功抓取: win10-1703
2025-07-14 03:59:18,059 - INFO - 正在抓取: https://www.imsdn.cn/windows-10/win10-1607/
2025-07-14 03:59:18,333 - INFO - 成功抓取: win10-1607
2025-07-14 03:59:20,333 - INFO - 正在抓取: https://www.imsdn.cn/windows-10/win10-1511/
2025-07-14 03:59:20,614 - INFO - 成功抓取: win10-1511
2025-07-14 03:59:22,615 - INFO - 正在抓取: https://www.imsdn.cn/windows-10/win10-ltsc/
2025-07-14 03:59:22,897 - INFO - 成功抓取: win10-ltsc
2025-07-14 03:59:24,900 - INFO - 完成抓取 Windows 10
2025-07-14 03:59:24,900 - INFO - 开始抓取 Windows Server
2025-07-14 03:59:24,900 - INFO - 正在抓取: https://www.imsdn.cn/windows-server/windows-server-2025/
2025-07-14 03:59:25,158 - INFO - 成功抓取: windows-server-2025
2025-07-14 03:59:27,159 - INFO - 正在抓取: https://www.imsdn.cn/windows-server/windows-server-2022/
2025-07-14 03:59:27,413 - INFO - 成功抓取: windows-server-2022
2025-07-14 03:59:29,414 - INFO - 正在抓取: https://www.imsdn.cn/windows-server/windows-server-2019/
2025-07-14 03:59:29,659 - INFO - 成功抓取: windows-server-2019
2025-07-14 03:59:31,660 - INFO - 正在抓取: https://www.imsdn.cn/windows-server/windows-server-2016/
2025-07-14 03:59:31,916 - INFO - 成功抓取: windows-server-2016
2025-07-14 03:59:33,917 - INFO - 正在抓取: https://www.imsdn.cn/windows-server/windows-server-2012-r2/
2025-07-14 03:59:34,164 - INFO - 成功抓取: windows-server-2012-r2
2025-07-14 03:59:36,164 - INFO - 正在抓取: https://www.imsdn.cn/windows-server/windows-server-2012/
2025-07-14 03:59:36,414 - INFO - 成功抓取: windows-server-2012
2025-07-14 03:59:38,414 - INFO - 正在抓取: https://www.imsdn.cn/windows-server/windows-server-2008-r2/
2025-07-14 03:59:38,685 - INFO - 成功抓取: windows-server-2008-r2
2025-07-14 03:59:40,686 - INFO - 正在抓取: https://www.imsdn.cn/windows-server/windows-server-2008/
2025-07-14 03:59:40,958 - INFO - 成功抓取: windows-server-2008
2025-07-14 03:59:42,960 - INFO - 完成抓取 Windows Server
2025-07-14 03:59:42,961 - INFO - 开始抓取 Office
2025-07-14 03:59:42,961 - INFO - 正在抓取: https://www.imsdn.cn/applications/office-2024/
2025-07-14 03:59:43,240 - INFO - 成功抓取: office-2024
2025-07-14 03:59:45,241 - INFO - 正在抓取: https://www.imsdn.cn/applications/office-2021/
2025-07-14 03:59:45,519 - INFO - 成功抓取: office-2021
2025-07-14 03:59:47,520 - INFO - 正在抓取: https://www.imsdn.cn/applications/office-2019/
2025-07-14 03:59:47,753 - INFO - 成功抓取: office-2019
2025-07-14 03:59:49,754 - INFO - 正在抓取: https://www.imsdn.cn/applications/office-2016/
2025-07-14 03:59:49,995 - INFO - 成功抓取: office-2016
2025-07-14 03:59:51,996 - INFO - 正在抓取: https://www.imsdn.cn/applications/office-2013/
2025-07-14 03:59:52,243 - INFO - 成功抓取: office-2013
2025-07-14 03:59:54,244 - INFO - 正在抓取: https://www.imsdn.cn/applications/office-2010/
2025-07-14 03:59:54,491 - INFO - 成功抓取: office-2010
2025-07-14 03:59:56,491 - INFO - 正在抓取: https://www.imsdn.cn/applications/office-2007/
2025-07-14 03:59:56,736 - INFO - 成功抓取: office-2007
2025-07-14 03:59:58,738 - INFO - 完成抓取 Office
2025-07-14 03:59:58,739 - INFO - 开始抓取 SQL Server
2025-07-14 03:59:58,739 - INFO - 正在抓取: https://www.imsdn.cn/servers/sql-server-2019/
2025-07-14 03:59:58,992 - INFO - 成功抓取: sql-server-2019
2025-07-14 04:00:00,993 - INFO - 正在抓取: https://www.imsdn.cn/servers/sql-server-2016/
2025-07-14 04:00:01,224 - INFO - 成功抓取: sql-server-2016
2025-07-14 04:00:03,225 - INFO - 正在抓取: https://www.imsdn.cn/servers/sql-server-2014/
2025-07-14 04:00:03,462 - INFO - 成功抓取: sql-server-2014
2025-07-14 04:00:05,463 - INFO - 正在抓取: https://www.imsdn.cn/servers/sql-server-2012/
2025-07-14 04:00:05,707 - INFO - 成功抓取: sql-server-2012
2025-07-14 04:00:07,708 - INFO - 正在抓取: https://www.imsdn.cn/servers/sql-server-2008-r2/
2025-07-14 04:00:07,959 - INFO - 成功抓取: sql-server-2008-r2
2025-07-14 04:00:09,960 - INFO - 正在抓取: https://www.imsdn.cn/servers/sql-server-2005/
2025-07-14 04:00:10,213 - INFO - 成功抓取: sql-server-2005
2025-07-14 04:00:12,215 - INFO - 完成抓取 SQL Server
2025-07-14 04:00:12,221 - INFO - 所有数据抓取完成
2025-07-14 04:00:12,221 - INFO - 步骤1: 数据采集完成
2025-07-14 04:00:12,221 - INFO - 步骤2: 开始生成网站...
2025-07-14 04:00:12,222 - INFO - 开始生成网站...
2025-07-14 04:00:12,245 - WARNING - 复制文件失败: style.css, 错误: [WinError 2] 系统找不到指定的文件。
2025-07-14 04:00:12,248 - WARNING - 复制文件失败: script.js, 错误: [WinError 2] 系统找不到指定的文件。
2025-07-14 04:00:12,333 - ERROR - 程序运行出错: [WinError 3] 系统找不到指定的路径。: 'data'
2025-07-14 04:00:36,602 - INFO - 开始抓取 Windows 11
2025-07-14 04:00:36,602 - INFO - 正在抓取: https://www.imsdn.cn/windows-11/win11-24h2/
2025-07-14 04:00:37,238 - INFO - 成功抓取: win11-24h2
2025-07-14 04:00:39,238 - INFO - 正在抓取: https://www.imsdn.cn/windows-11/win11-ltsc/
2025-07-14 04:00:39,489 - INFO - 成功抓取: win11-ltsc
2025-07-14 04:00:41,490 - INFO - 正在抓取: https://www.imsdn.cn/windows-11/win11-23h2/
2025-07-14 04:00:41,739 - INFO - 成功抓取: win11-23h2
2025-07-14 04:00:43,740 - INFO - 正在抓取: https://www.imsdn.cn/windows-11/win11-22h2/
2025-07-14 04:00:43,994 - INFO - 成功抓取: win11-22h2
2025-07-14 04:00:45,995 - INFO - 正在抓取: https://www.imsdn.cn/windows-11/win11-21h2/
2025-07-14 04:00:46,246 - INFO - 成功抓取: win11-21h2
2025-07-14 04:00:48,247 - INFO - 正在抓取: https://www.imsdn.cn/windows-11/win11-rtm/
2025-07-14 04:00:48,506 - INFO - 成功抓取: win11-rtm
2025-07-14 04:00:50,507 - INFO - 正在抓取: https://www.imsdn.cn/windows-11/win11-arm/
2025-07-14 04:00:50,754 - INFO - 成功抓取: win11-arm
2025-07-14 04:00:52,757 - INFO - 完成抓取 Windows 11
2025-07-14 04:00:52,757 - INFO - 开始抓取 Windows 10
2025-07-14 04:00:52,757 - INFO - 正在抓取: https://www.imsdn.cn/windows-10/win10-22h2/
2025-07-14 04:00:53,033 - INFO - 成功抓取: win10-22h2
2025-07-14 04:00:55,034 - INFO - 正在抓取: https://www.imsdn.cn/windows-10/win10-21h2/
2025-07-14 04:00:55,308 - INFO - 成功抓取: win10-21h2
2025-07-14 04:00:57,309 - INFO - 正在抓取: https://www.imsdn.cn/windows-10/win10-21h1/
2025-07-14 04:00:57,580 - INFO - 成功抓取: win10-21h1
2025-07-14 04:00:59,581 - INFO - 正在抓取: https://www.imsdn.cn/windows-10/win10-20h2/
2025-07-14 04:00:59,849 - INFO - 成功抓取: win10-20h2
2025-07-14 04:01:01,850 - INFO - 正在抓取: https://www.imsdn.cn/windows-10/win10-2004/
2025-07-14 04:01:02,120 - INFO - 成功抓取: win10-2004
2025-07-14 04:01:04,121 - INFO - 正在抓取: https://www.imsdn.cn/windows-10/win10-1909/
2025-07-14 04:01:04,392 - INFO - 成功抓取: win10-1909
2025-07-14 04:01:06,393 - INFO - 正在抓取: https://www.imsdn.cn/windows-10/win10-1903/
2025-07-14 04:01:06,718 - INFO - 成功抓取: win10-1903
2025-07-14 04:01:08,719 - INFO - 正在抓取: https://www.imsdn.cn/windows-10/win10-1809/
2025-07-14 04:01:08,991 - INFO - 成功抓取: win10-1809
2025-07-14 04:01:10,991 - INFO - 正在抓取: https://www.imsdn.cn/windows-10/win10-1803/
2025-07-14 04:01:11,265 - INFO - 成功抓取: win10-1803
2025-07-14 04:01:13,265 - INFO - 正在抓取: https://www.imsdn.cn/windows-10/win10-1709/
2025-07-14 04:01:13,543 - INFO - 成功抓取: win10-1709
2025-07-14 04:01:15,544 - INFO - 正在抓取: https://www.imsdn.cn/windows-10/win10-1703/
2025-07-14 04:01:15,812 - INFO - 成功抓取: win10-1703
2025-07-14 04:01:17,813 - INFO - 正在抓取: https://www.imsdn.cn/windows-10/win10-1607/
2025-07-14 04:01:18,074 - INFO - 成功抓取: win10-1607
2025-07-14 04:01:20,075 - INFO - 正在抓取: https://www.imsdn.cn/windows-10/win10-1511/
2025-07-14 04:01:20,357 - INFO - 成功抓取: win10-1511
2025-07-14 04:01:22,357 - INFO - 正在抓取: https://www.imsdn.cn/windows-10/win10-ltsc/
2025-07-14 04:01:22,639 - INFO - 成功抓取: win10-ltsc
2025-07-14 04:01:24,642 - INFO - 完成抓取 Windows 10
2025-07-14 04:01:24,642 - INFO - 开始抓取 Windows Server
2025-07-14 04:01:24,643 - INFO - 正在抓取: https://www.imsdn.cn/windows-server/windows-server-2025/
2025-07-14 04:01:24,905 - INFO - 成功抓取: windows-server-2025
2025-07-14 04:01:26,906 - INFO - 正在抓取: https://www.imsdn.cn/windows-server/windows-server-2022/
2025-07-14 04:01:27,156 - INFO - 成功抓取: windows-server-2022
2025-07-14 04:01:29,157 - INFO - 正在抓取: https://www.imsdn.cn/windows-server/windows-server-2019/
2025-07-14 04:01:29,404 - INFO - 成功抓取: windows-server-2019
2025-07-14 04:01:31,405 - INFO - 正在抓取: https://www.imsdn.cn/windows-server/windows-server-2016/
2025-07-14 04:01:31,657 - INFO - 成功抓取: windows-server-2016
2025-07-14 04:01:33,658 - INFO - 正在抓取: https://www.imsdn.cn/windows-server/windows-server-2012-r2/
2025-07-14 04:01:33,916 - INFO - 成功抓取: windows-server-2012-r2
2025-07-14 04:01:35,917 - INFO - 正在抓取: https://www.imsdn.cn/windows-server/windows-server-2012/
2025-07-14 04:01:36,168 - INFO - 成功抓取: windows-server-2012
2025-07-14 04:01:38,168 - INFO - 正在抓取: https://www.imsdn.cn/windows-server/windows-server-2008-r2/
2025-07-14 04:01:38,441 - INFO - 成功抓取: windows-server-2008-r2
2025-07-14 04:01:40,442 - INFO - 正在抓取: https://www.imsdn.cn/windows-server/windows-server-2008/
2025-07-14 04:01:40,733 - INFO - 成功抓取: windows-server-2008
2025-07-14 04:01:42,736 - INFO - 完成抓取 Windows Server
2025-07-14 04:01:42,737 - INFO - 开始抓取 Office
2025-07-14 04:01:42,737 - INFO - 正在抓取: https://www.imsdn.cn/applications/office-2024/
2025-07-14 04:01:43,017 - INFO - 成功抓取: office-2024
2025-07-14 04:01:45,018 - INFO - 正在抓取: https://www.imsdn.cn/applications/office-2021/
2025-07-14 04:01:45,298 - INFO - 成功抓取: office-2021
2025-07-14 04:01:47,298 - INFO - 正在抓取: https://www.imsdn.cn/applications/office-2019/
2025-07-14 04:01:47,535 - INFO - 成功抓取: office-2019
2025-07-14 04:01:49,536 - INFO - 正在抓取: https://www.imsdn.cn/applications/office-2016/
2025-07-14 04:01:49,775 - INFO - 成功抓取: office-2016
2025-07-14 04:01:51,777 - INFO - 正在抓取: https://www.imsdn.cn/applications/office-2013/
2025-07-14 04:01:52,041 - INFO - 成功抓取: office-2013
2025-07-14 04:01:54,042 - INFO - 正在抓取: https://www.imsdn.cn/applications/office-2010/
2025-07-14 04:01:54,291 - INFO - 成功抓取: office-2010
2025-07-14 04:01:56,292 - INFO - 正在抓取: https://www.imsdn.cn/applications/office-2007/
2025-07-14 04:01:56,537 - INFO - 成功抓取: office-2007
2025-07-14 04:01:58,540 - INFO - 完成抓取 Office
2025-07-14 04:01:58,540 - INFO - 开始抓取 SQL Server
2025-07-14 04:01:58,540 - INFO - 正在抓取: https://www.imsdn.cn/servers/sql-server-2019/
2025-07-14 04:01:58,785 - INFO - 成功抓取: sql-server-2019
2025-07-14 04:02:00,786 - INFO - 正在抓取: https://www.imsdn.cn/servers/sql-server-2016/
2025-07-14 04:02:01,018 - INFO - 成功抓取: sql-server-2016
2025-07-14 04:02:03,019 - INFO - 正在抓取: https://www.imsdn.cn/servers/sql-server-2014/
2025-07-14 04:02:03,274 - INFO - 成功抓取: sql-server-2014
2025-07-14 04:02:05,275 - INFO - 正在抓取: https://www.imsdn.cn/servers/sql-server-2012/
2025-07-14 04:02:05,521 - INFO - 成功抓取: sql-server-2012
2025-07-14 04:02:07,522 - INFO - 正在抓取: https://www.imsdn.cn/servers/sql-server-2008-r2/
2025-07-14 04:02:07,772 - INFO - 成功抓取: sql-server-2008-r2
2025-07-14 04:02:09,773 - INFO - 正在抓取: https://www.imsdn.cn/servers/sql-server-2005/
2025-07-14 04:02:10,026 - INFO - 成功抓取: sql-server-2005
2025-07-14 04:02:12,028 - INFO - 完成抓取 SQL Server
2025-07-14 04:02:12,033 - INFO - 所有数据抓取完成
2025-07-14 04:02:40,792 - INFO - 正在抓取: https://www.imsdn.cn/windows-11/win11-24h2/
